alacritty
ark
base
base-devel
bash-completion
blanket
calibre
cmake
discord
dolphin
efibootmgr
egl-wayland
fd
firefox
flatpak
gimp
git
git-sizer
gparted
grub
gst-plugin-pipewire
htop
intel-media-driver
intel-ucode
iwd
jq
kate
kitty
konsole
ksnip
libpulse
libreoffice-fresh
libva-intel-driver
libva-mesa-driver
linux
linux-firmware
luarocks
man-db
nano
neofetch
neovim
noto-fonts-cjk
npm
obsidian
okular
openssh
pipewire
pipewire-alsa
pipewire-jack
pipewire-pulse
plasma-meta
plasma-workspace
pnpm
postgresql
power-profiles-daemon
python-flask
python-pip
ripgrep
rust
scdoc
shotcut
smartmontools
sof-firmware
telegram-desktop
tidy
unzip
valgrind
vim
vulkan-intel
vulkan-radeon
wget
wireless_tools
wireplumber
wpa_supplicant
xcape
xclip
xdg-utils
xf86-video-amdgpu
xf86-video-ati
xf86-video-nouveau
xf86-video-vmware
xorg-xinit
yarn
zip
zram-generator
